2023-04-15 17:37:33,285 - INFO - \\dc01\Publica\Acelino Campos foi excluído.
2023-04-15 17:37:33,504 - INFO - \\dc01\Publica\Armando Antony foi excluído.
2023-04-15 17:37:33,504 - INFO - \\dc01\Publica\Guilherme Souza foi excluído.
2023-04-15 17:37:33,504 - INFO - \\dc01\Publica\Heloisa Oliveira foi excluído.
2023-04-15 17:37:33,519 - INFO - \\dc01\Publica\Jessica Silva foi excluído.
2023-04-15 17:37:33,519 - INFO - \\dc01\Publica\Josilene Silva foi excluído.
2023-04-15 17:37:33,535 - INFO - \\dc01\Publica\Juliana Almeida foi excluído.
2023-04-15 17:37:33,535 - INFO - \\dc01\Publica\Katia Marques foi excluído.
2023-04-15 17:37:33,535 - INFO - \\dc01\Publica\Lucas Williams foi excluído.
2023-04-15 17:37:33,550 - INFO - \\dc01\Publica\Rariane Oliveira foi excluído.
2023-04-15 17:37:33,550 - INFO - Todo conteúdo da pasta \\dc01\Publica foi excluído.

2023-04-15 17:37:34,597 - INFO - 13 usuários encontrados no Active Directory.

2023-04-15 17:37:34,597 - INFO - Criado o diretório: \\dc01\Publica\Lucas Williams
2023-04-15 17:37:34,618 - INFO - Criado o diretório: \\dc01\Publica\Katia Marques
2023-04-15 17:37:34,618 - INFO - Criado o diretório: \\dc01\Publica\Jessica Silva
2023-04-15 17:37:34,618 - INFO - Criado o diretório: \\dc01\Publica\Guilherme Souza
2023-04-15 17:37:34,618 - INFO - Criado o diretório: \\dc01\Publica\Juliana Almeida
2023-04-15 17:37:34,618 - INFO - Criado o diretório: \\dc01\Publica\Rariane Oliveira
2023-04-15 17:37:34,628 - INFO - Criado o diretório: \\dc01\Publica\Josilene Silva
2023-04-15 17:37:34,628 - INFO - Criado o diretório: \\dc01\Publica\Heloisa Oliveira
2023-04-15 17:37:34,628 - INFO - Criado o diretório: \\dc01\Publica\Armando Antony
2023-04-15 17:37:34,628 - INFO - Criado o diretório: \\dc01\Publica\Lane Duarte
2023-04-15 17:37:34,628 - INFO - Criado o diretório: \\dc01\Publica\Acelino Campos
2023-04-15 17:37:34,644 - INFO - Criado o diretório: \\dc01\Publica\Rubenildon Junior
2023-04-15 17:37:34,644 - INFO - Criado o diretório: \\dc01\Publica\Cristiane Lima
